c:\watersurface-master\watersurface-master\watersurface.dir\debug\vc142.pdb
c:\watersurface-master\watersurface-master\watersurface.dir\debug\trainwindow.obj
c:\watersurface-master\watersurface-master\watersurface.dir\debug\trainview.obj
c:\watersurface-master\watersurface-master\watersurface.dir\debug\track.obj
c:\watersurface-master\watersurface-master\watersurface.dir\debug\controlpoint.obj
c:\watersurface-master\watersurface-master\watersurface.dir\debug\callbacks.obj
c:\watersurface-master\watersurface-master\watersurface.dir\debug\main.obj
c:\watersurface-master\watersurface-master\watersurface.dir\debug\model.obj
c:\watersurface-master\watersurface-master\watersurface.dir\debug\mesh.obj
c:\watersurface-master\watersurface-master\watersurface.dir\debug\glad.obj
c:\watersurface-master\watersurface-master\cmakefiles\generate.stamp
c:\watersurface-master\watersurface-master\debug\watersurface.exe
c:\watersurface-master\watersurface-master\watersurface.dir\debug\watersurface.ilk
c:\watersurface-master\watersurface-master\debug\watersurface.pdb
c:\watersurface-master\watersurface-master\watersurface.dir\debug\watersurface.tlog\cl.command.1.tlog
c:\watersurface-master\watersurface-master\watersurface.dir\debug\watersurface.tlog\cl.read.1.tlog
c:\watersurface-master\watersurface-master\watersurface.dir\debug\watersurface.tlog\cl.write.1.tlog
c:\watersurface-master\watersurface-master\watersurface.dir\debug\watersurface.tlog\custombuild.command.1.tlog
c:\watersurface-master\watersurface-master\watersurface.dir\debug\watersurface.tlog\custombuild.read.1.tlog
c:\watersurface-master\watersurface-master\watersurface.dir\debug\watersurface.tlog\custombuild.write.1.tlog
c:\watersurface-master\watersurface-master\watersurface.dir\debug\watersurface.tlog\link.command.1.tlog
c:\watersurface-master\watersurface-master\watersurface.dir\debug\watersurface.tlog\link.read.1.tlog
c:\watersurface-master\watersurface-master\watersurface.dir\debug\watersurface.tlog\link.write.1.tlog
